<?xml version="1.0" encoding="UTF-8"?>
<!-- Generated by org.testng.reporters.JUnitXMLReporter -->
<testsuite hostname="ATMECSINLT-085" ignored="0" name="Default test" tests="2" failures="0" timestamp="14 Oct 2019 15:37:45 GMT" time="68.662" errors="0">
  <testcase name="validateHeroImage" time="38.887" classname="com.atmecs.konakart_css.testscripts.HeroImage"/>
  <testcase name="validateHeroImage" time="20.328" classname="com.atmecs.konakart_css.testscripts.HeroImage"/>
</testsuite> <!-- Default test -->
