<?xml version="1.0" encoding="UTF-8"?>
<!-- Generated by org.testng.reporters.JUnitXMLReporter -->
<testsuite hostname="ATMECSINLT-085" ignored="3" name="Test" tests="4" failures="0" timestamp="14 Oct 2019 14:17:47 GMT" time="72.986" errors="0">
  <testcase name="validateKonakart" time="11.042" classname="com.atmecs.konakart_css.testscripts.KonakartHome"/>
  <testcase name="validateKonakart" time="9.711" classname="com.atmecs.konakart_css.testscripts.KonakartHome"/>
  <testcase name="validateHeroImage" time="21.27" classname="com.atmecs.konakart_css.testscripts.HeroImage"/>
  <testcase name="validateHeroImage" time="21.373" classname="com.atmecs.konakart_css.testscripts.HeroImage"/>
  <testcase name="@BeforeSuite startReport" time="0.0" classname="com.atmecs.konakart_css.extentreport.Extent">
    <ignored/>
  </testcase> <!-- @BeforeSuite startReport -->
  <testcase name="@AfterSuite endReport" time="0.0" classname="com.atmecs.konakart_css.extentreport.Extent">
    <ignored/>
  </testcase> <!-- @AfterSuite endReport -->
  <testcase name="@BeforeTest baseSetup" time="0.0" classname="com.atmecs.konakart_css.testbase.TestBase">
    <ignored/>
  </testcase> <!-- @BeforeTest baseSetup -->
</testsuite> <!-- Test -->
