<?xml version="1.0" encoding="UTF-8"?>
<testng-results skipped="0" failed="0" ignored="0" total="4" passed="4">
  <reporter-output>
  </reporter-output>
  <suite name="Suite" duration-ms="0" started-at="2019-10-14T16:00:29Z" finished-at="2019-10-14T16:00:29Z">
    <groups>
    </groups>
  </suite> <!-- Suite -->
  <suite name="Suite (1)" duration-ms="44873" started-at="2019-10-14T15:59:42Z" finished-at="2019-10-14T16:00:27Z">
    <groups>
    </groups>
    <test name="Test" duration-ms="44873" started-at="2019-10-14T15:59:42Z" finished-at="2019-10-14T16:00:27Z">
      <class name="com.atmecs.konakart_css.testscripts.HeroImage">
        <test-method status="PASS" signature="startReport()[pri:0, instance:com.atmecs.konakart_css.testscripts.HeroImage@1efbd816]" name="startReport" is-config="true" duration-ms="23" started-at="2019-10-14T15:59:42Z" finished-at="2019-10-14T15:59:42Z">
          <reporter-output>
          </reporter-output>
        </test-method> <!-- startReport -->
        <test-method status="PASS" signature="baseSetup()[pri:0, instance:com.atmecs.konakart_css.testscripts.HeroImage@1efbd816]" name="baseSetup" is-config="true" duration-ms="6180" started-at="2019-10-14T15:59:42Z" finished-at="2019-10-14T15:59:49Z">
          <reporter-output>
          </reporter-output>
        </test-method> <!-- baseSetup -->
        <test-method status="PASS" signature="validateHeroImage([Ljava.lang.String;)[pri:0, instance:com.atmecs.konakart_css.testscripts.HeroImage@1efbd816]" name="validateHeroImage" duration-ms="1191" started-at="2019-10-14T15:59:49Z" data-provider="productdata" finished-at="2019-10-14T15:59:50Z">
          <params>
            <param index="0">
              <value>
                <![CDATA[[Ljava.lang.String;@381cad29]]>
              </value>
            </param>
          </params>
          <reporter-output>
          </reporter-output>
        </test-method> <!-- validateHeroImage -->
        <test-method status="PASS" signature="tearDown(org.testng.ITestResult)[pri:0, instance:com.atmecs.konakart_css.testscripts.HeroImage@1efbd816]" name="tearDown" is-config="true" duration-ms="410" started-at="2019-10-14T15:59:50Z" finished-at="2019-10-14T15:59:50Z">
          <params>
            <param index="0">
              <value>
                <![CDATA[[TestResult name=validateHeroImage status=SUCCESS method=HeroImage.validateHeroImage([Ljava.lang.String;)[pri:0, instance:com.atmecs.konakart_css.testscripts.HeroImage@1efbd816] output={null}]]]>
              </value>
            </param>
          </params>
          <reporter-output>
          </reporter-output>
        </test-method> <!-- tearDown -->
        <test-method status="PASS" signature="validateHeroImage([Ljava.lang.String;)[pri:0, instance:com.atmecs.konakart_css.testscripts.HeroImage@1efbd816]" name="validateHeroImage" duration-ms="36550" started-at="2019-10-14T15:59:50Z" data-provider="productdata" finished-at="2019-10-14T16:00:27Z">
          <params>
            <param index="0">
              <value>
                <![CDATA[[Ljava.lang.String;@988246e]]>
              </value>
            </param>
          </params>
          <reporter-output>
          </reporter-output>
        </test-method> <!-- validateHeroImage -->
        <test-method status="PASS" signature="tearDown(org.testng.ITestResult)[pri:0, instance:com.atmecs.konakart_css.testscripts.HeroImage@1efbd816]" name="tearDown" is-config="true" duration-ms="255" started-at="2019-10-14T16:00:27Z" finished-at="2019-10-14T16:00:27Z">
          <params>
            <param index="0">
              <value>
                <![CDATA[[TestResult name=validateHeroImage status=SUCCESS method=HeroImage.validateHeroImage([Ljava.lang.String;)[pri:0, instance:com.atmecs.konakart_css.testscripts.HeroImage@1efbd816] output={null}]]]>
              </value>
            </param>
          </params>
          <reporter-output>
          </reporter-output>
        </test-method> <!-- tearDown -->
        <test-method status="PASS" signature="endReport()[pri:0, instance:com.atmecs.konakart_css.testscripts.HeroImage@1efbd816]" name="endReport" is-config="true" duration-ms="1539" started-at="2019-10-14T16:00:27Z" finished-at="2019-10-14T16:00:29Z">
          <reporter-output>
          </reporter-output>
        </test-method> <!-- endReport -->
      </class> <!-- com.atmecs.konakart_css.testscripts.HeroImage -->
    </test> <!-- Test -->
  </suite> <!-- Suite (1) -->
  <suite name="Suite (0)" duration-ms="32398" started-at="2019-10-14T15:59:09Z" finished-at="2019-10-14T15:59:41Z">
    <groups>
    </groups>
    <test name="Test" duration-ms="32398" started-at="2019-10-14T15:59:09Z" finished-at="2019-10-14T15:59:41Z">
      <class name="com.atmecs.konakart_css.testscripts.KonakartHome">
        <test-method status="PASS" signature="startReport()[pri:0, instance:com.atmecs.konakart_css.testscripts.KonakartHome@9f70c54]" name="startReport" is-config="true" duration-ms="423" started-at="2019-10-14T15:59:08Z" finished-at="2019-10-14T15:59:09Z">
          <reporter-output>
          </reporter-output>
        </test-method> <!-- startReport -->
        <test-method status="PASS" signature="baseSetup()[pri:0, instance:com.atmecs.konakart_css.testscripts.KonakartHome@9f70c54]" name="baseSetup" is-config="true" duration-ms="10044" started-at="2019-10-14T15:59:09Z" finished-at="2019-10-14T15:59:19Z">
          <reporter-output>
          </reporter-output>
        </test-method> <!-- baseSetup -->
        <test-method status="PASS" signature="validateKonakart([Ljava.lang.String;)[pri:0, instance:com.atmecs.konakart_css.testscripts.KonakartHome@9f70c54]" name="validateKonakart" duration-ms="11925" started-at="2019-10-14T15:59:21Z" data-provider="welcomedata" finished-at="2019-10-14T15:59:33Z">
          <params>
            <param index="0">
              <value>
                <![CDATA[[Ljava.lang.String;@78a287ed]]>
              </value>
            </param>
          </params>
          <reporter-output>
          </reporter-output>
        </test-method> <!-- validateKonakart -->
        <test-method status="PASS" signature="tearDown(org.testng.ITestResult)[pri:0, instance:com.atmecs.konakart_css.testscripts.KonakartHome@9f70c54]" name="tearDown" is-config="true" duration-ms="226" started-at="2019-10-14T15:59:33Z" finished-at="2019-10-14T15:59:33Z">
          <params>
            <param index="0">
              <value>
                <![CDATA[[TestResult name=validateKonakart status=SUCCESS method=KonakartHome.validateKonakart([Ljava.lang.String;)[pri:0, instance:com.atmecs.konakart_css.testscripts.KonakartHome@9f70c54] output={null}]]]>
              </value>
            </param>
          </params>
          <reporter-output>
          </reporter-output>
        </test-method> <!-- tearDown -->
        <test-method status="PASS" signature="validateKonakart([Ljava.lang.String;)[pri:0, instance:com.atmecs.konakart_css.testscripts.KonakartHome@9f70c54]" name="validateKonakart" duration-ms="7751" started-at="2019-10-14T15:59:33Z" data-provider="welcomedata" finished-at="2019-10-14T15:59:41Z">
          <params>
            <param index="0">
              <value>
                <![CDATA[[Ljava.lang.String;@546ccad7]]>
              </value>
            </param>
          </params>
          <reporter-output>
          </reporter-output>
        </test-method> <!-- validateKonakart -->
        <test-method status="PASS" signature="tearDown(org.testng.ITestResult)[pri:0, instance:com.atmecs.konakart_css.testscripts.KonakartHome@9f70c54]" name="tearDown" is-config="true" duration-ms="144" started-at="2019-10-14T15:59:41Z" finished-at="2019-10-14T15:59:41Z">
          <params>
            <param index="0">
              <value>
                <![CDATA[[TestResult name=validateKonakart status=SUCCESS method=KonakartHome.validateKonakart([Ljava.lang.String;)[pri:0, instance:com.atmecs.konakart_css.testscripts.KonakartHome@9f70c54] output={null}]]]>
              </value>
            </param>
          </params>
          <reporter-output>
          </reporter-output>
        </test-method> <!-- tearDown -->
        <test-method status="PASS" signature="endReport()[pri:0, instance:com.atmecs.konakart_css.testscripts.KonakartHome@9f70c54]" name="endReport" is-config="true" duration-ms="1300" started-at="2019-10-14T15:59:41Z" finished-at="2019-10-14T15:59:42Z">
          <reporter-output>
          </reporter-output>
        </test-method> <!-- endReport -->
      </class> <!-- com.atmecs.konakart_css.testscripts.KonakartHome -->
    </test> <!-- Test -->
  </suite> <!-- Suite (0) -->
</testng-results>
